38 Hilbert basis elements
25 extreme rays
21 support hyperplanes

embedding dimension = 18
rank = 14
external index = 1
internal index = 2
original monoid is not integrally closed in chosen lattice

size of partial triangulation   = 28
resulting sum of |det|s = 160

No implicit grading found

rank of class group = 7
finite cyclic summands:
2:1  

***********************************************************************

38 Hilbert basis elements:
 0 0 0 0 1 0 0 0 0 0 0 0 0 0 0 1 0 0
 1 0 0 0 0 0 0 0 0 0 0 0 0 1 0 0 1 0
 1 0 0 0 0 0 0 0 0 0 0 0 1 0 0 0 1 0
 1 0 0 0 0 1 0 0 0 1 0 0 0 0 0 1 1 0
 1 0 1 0 0 0 0 0 0 0 0 0 0 1 1 0 1 0
 1 0 1 0 0 0 0 0 0 0 0 0 1 0 1 0 1 0
 2 0 0 0 0 0 0 0 1 0 0 0 0 0 0 1 0 1
 2 0 0 0 0 1 0 0 0 1 0 0 0 0 0 1 1 0
 2 0 1 0 0 0 0 0 0 1 0 0 0 0 1 0 1 0
 2 0 2 0 0 0 0 0 0 1 0 0 0 0 2 0 1 0
 2 0 3 0 0 0 0 0 0 1 0 0 0 0 3 0 1 0
 2 1 0 0 0 0 0 0 0 1 0 0 0 0 1 0 1 0
 3 0 0 0 0 0 0 0 0 1 1 0 0 0 0 0 2 0
 3 0 0 0 0 1 0 0 0 1 0 0 0 0 0 1 1 0
 3 0 0 1 0 1 0 0 0 1 0 0 0 0 1 1 1 0
 3 0 1 0 0 0 0 0 0 1 1 0 0 0 1 0 2 0
 3 0 1 0 0 1 0 0 0 1 0 0 0 0 1 1 1 0
 3 0 2 0 0 0 0 0 0 1 1 0 0 0 2 0 2 0
 3 0 3 0 0 0 0 0 0 1 1 0 0 0 3 0 2 0
 3 1 2 0 0 0 0 0 0 1 0 0 1 0 3 0 2 0
 3 2 0 0 0 0 0 0 0 1 0 0 1 0 2 0 2 0
 4 0 0 0 0 0 0 0 0 1 2 0 0 0 0 0 3 0
 4 0 0 0 0 0 0 1 0 0 0 1 0 0 0 1 1 0
 4 0 0 0 0 0 1 0 0 0 0 1 0 0 0 1 1 0
 4 0 1 0 0 0 0 0 0 1 2 0 0 0 1 0 3 0
 4 0 1 0 0 0 0 1 0 0 0 1 0 0 1 1 1 0
 4 0 2 0 0 0 0 0 0 1 2 0 0 0 2 0 3 0
 4 0 3 0 0 0 0 0 0 1 2 0 0 0 3 0 3 0
 4 1 0 0 0 0 0 0 0 1 1 0 1 0 1 0 3 0
 4 1 1 0 0 0 0 0 0 1 1 0 1 0 2 0 3 0
 4 1 2 0 0 0 0 0 0 1 1 0 1 0 3 0 3 0
 5 0 0 0 0 0 0 0 0 0 0 1 1 0 0 0 2 0
 5 0 1 0 0 0 0 0 0 0 0 1 1 0 1 0 2 0
 6 0 0 0 0 0 0 0 0 1 0 1 0 0 0 0 2 0
 6 0 1 0 0 0 0 0 0 1 0 1 0 0 1 0 2 0
 6 0 2 0 0 0 0 0 0 1 0 1 0 0 2 0 2 0
 8 0 0 0 0 0 1 0 0 0 0 2 0 0 0 1 2 0
 9 1 2 0 0 1 0 0 0 2 0 1 1 0 3 1 4 0

25 extreme rays:
 0 0 0 0 1 0 0 0 0 0 0 0 0 0 0 1 0 0
 1 0 0 0 0 0 0 0 0 0 0 0 0 1 0 0 1 0
 1 0 0 0 0 0 0 0 0 0 0 0 1 0 0 0 1 0
 1 0 0 0 0 1 0 0 0 1 0 0 0 0 0 1 1 0
 1 0 1 0 0 0 0 0 0 0 0 0 0 1 1 0 1 0
 1 0 1 0 0 0 0 0 0 0 0 0 1 0 1 0 1 0
 2 0 0 0 0 0 0 0 1 0 0 0 0 0 0 1 0 1
 2 0 1 0 0 0 0 0 0 1 0 0 0 0 1 0 1 0
 2 0 3 0 0 0 0 0 0 1 0 0 0 0 3 0 1 0
 2 1 0 0 0 0 0 0 0 1 0 0 0 0 1 0 1 0
 3 0 0 0 0 0 0 0 0 1 1 0 0 0 0 0 2 0
 3 0 0 0 0 1 0 0 0 1 0 0 0 0 0 1 1 0
 3 0 0 1 0 1 0 0 0 1 0 0 0 0 1 1 1 0
 3 0 1 0 0 1 0 0 0 1 0 0 0 0 1 1 1 0
 3 2 0 0 0 0 0 0 0 1 0 0 1 0 2 0 2 0
 4 0 0 0 0 0 0 0 0 1 2 0 0 0 0 0 3 0
 4 0 0 0 0 0 0 1 0 0 0 1 0 0 0 1 1 0
 4 0 0 0 0 0 1 0 0 0 0 1 0 0 0 1 1 0
 4 0 1 0 0 0 0 1 0 0 0 1 0 0 1 1 1 0
 4 0 3 0 0 0 0 0 0 1 2 0 0 0 3 0 3 0
 5 0 0 0 0 0 0 0 0 0 0 1 1 0 0 0 2 0
 5 0 1 0 0 0 0 0 0 0 0 1 1 0 1 0 2 0
 6 0 0 0 0 0 0 0 0 1 0 1 0 0 0 0 2 0
 6 0 2 0 0 0 0 0 0 1 0 1 0 0 2 0 2 0
 8 0 0 0 0 0 1 0 0 0 0 2 0 0 0 1 2 0

21 support hyperplanes:
 -1  0  0  0 0  1  0  0  2  2  1  4  1  1 0 0 0 0
  0 -2  0  0 0 -2  0  0  0  2 -1  0  2  0 0 0 0 0
  0 -2  0  0 0 -2  4  2  0  2 -1 -2  2  0 0 0 0 0
  0 -1  0  0 0 -2  0  0  0  2 -1  0  0  0 0 0 0 0
  0  0  0  0 0  0 -1 -1  0  0  0  1  0  0 0 0 0 0
  0  0  0  0 0  0  0  0  0  0  0  0  0  1 0 0 0 0
  0  0  0  0 0  0  0  0  0  0  0  0  1  0 0 0 0 0
  0  0  0  0 0  0  0  0  0  0  1  0  0  0 0 0 0 0
  0  0  0  0 0  0  0  0  1  0  0  0  0  0 0 0 0 0
  0  0  0  0 0  0  0  1  0  0  0  0  0  0 0 0 0 0
  0  0  0  0 0  0  1  0  0  0  0  0  0  0 0 0 0 0
  0  0  0  0 1  0  0  0  0  0  0  0  0  0 0 0 0 0
  0  0  0  1 0  0  0  0  0  0  0  0  0  0 0 0 0 0
  0  0  1  0 0  0  0  0  0  0  0  0  0  0 0 0 0 0
  0  1  0  0 0  0  0  0  0  0  0  0  0  0 0 0 0 0
  0  1  1  0 0  1 -1 -1  0 -1  1  1  0  0 0 0 0 0
  1 -6 -2 -2 0 -5  0  2 -2  4 -1 -4  5  1 0 0 0 0
  1 -6 -2 -2 0 -5  4  4 -2  4 -1 -6  5  1 0 0 0 0
  1 -5 -2 -2 0 -5  4  4 -2  4 -1 -6  3  1 0 0 0 0
  1 -4 -2 -2 0 -5  0  2 -2  4 -1 -4  1  1 0 0 0 0
  1  0  0 -2 0  1  0  0 -2 -2 -1 -4 -1 -1 0 0 0 0

4 equations:
 0 1 1 1 0 0 0 0 0 0 0 0 0 0 -1  0  0  0
 0 0 0 0 1 1 1 1 0 0 0 0 0 0  0 -1  0  1
 0 0 0 0 0 0 0 0 1 0 0 0 0 0  0  0  0 -1
 0 0 0 0 0 0 0 0 0 1 1 1 1 1  0  0 -1  0

14 basis elements of generated  lattice:
 1 0 0 0 0 0 0 0 0 0 0 0 0 0 0 0 0 0
 0 1 0 0 0 0 0 0 0 0 0 0 0 0 1 0 0 0
 0 0 1 0 0 0 0 0 0 0 0 0 0 0 1 0 0 0
 0 0 0 1 0 0 0 0 0 0 0 0 0 0 1 0 0 0
 0 0 0 0 1 0 0 0 0 0 0 0 0 0 0 1 0 0
 0 0 0 0 0 1 0 0 0 0 0 0 0 0 0 1 0 0
 0 0 0 0 0 0 1 0 0 0 0 0 0 0 0 1 0 0
 0 0 0 0 0 0 0 1 0 0 0 0 0 0 0 1 0 0
 0 0 0 0 0 0 0 0 1 0 0 0 0 0 0 1 0 1
 0 0 0 0 0 0 0 0 0 1 0 0 0 0 0 0 1 0
 0 0 0 0 0 0 0 0 0 0 1 0 0 0 0 0 1 0
 0 0 0 0 0 0 0 0 0 0 0 1 0 0 0 0 1 0
 0 0 0 0 0 0 0 0 0 0 0 0 1 0 0 0 1 0
 0 0 0 0 0 0 0 0 0 0 0 0 0 1 0 0 1 0

